<?xml version="1.0" encoding="utf-8"?><testsuites name="pytest tests"><testsuite name="pytest" errors="0" failures="0" skipped="0" tests="21" time="3.258" timestamp="2026-07-11T08:06:36.331150+00:00" hostname="agent-env-06869256-2b1c-4743-8f4a-8d7002dc3502"><testcase classname="backend.tests.backend_test" name="test_root" time="0.200" /><testcase classname="backend.tests.backend_test.TestAuth" name="test_login_guard" time="0.269" /><testcase classname="backend.tests.backend_test.TestAuth" name="test_login_admin" time="0.306" /><testcase classname="backend.tests.backend_test.TestAuth" name="test_login_wrong_password" time="0.265" /><testcase classname="backend.tests.backend_test.TestAuth" name="test_register_new_and_duplicate" time="0.311" /><testcase classname="backend.tests.backend_test.TestAuth" name="test_me_requires_auth" time="0.042" /><testcase classname="backend.tests.backend_test.TestAuth" name="test_me_ok" time="0.310" /><testcase classname="backend.tests.backend_test.TestAuth" name="test_dashboard_requires_auth" time="0.042" /><testcase classname="backend.tests.backend_test.TestDashboard" name="test_dashboard" time="0.045" /><testcase classname="backend.tests.backend_test.TestSchedule" name="test_schedule_week" time="0.045" /><testcase classname="backend.tests.backend_test.TestSchedule" name="test_shift_detail_and_ack" time="0.172" /><testcase classname="backend.tests.backend_test.TestSchedule" name="test_shift_not_found" time="0.043" /><testcase classname="backend.tests.backend_test.TestOpenShifts" name="test_list_and_claim_cycle" time="0.286" /><testcase classname="backend.tests.backend_test.TestTimeClock" name="test_full_clock_cycle" time="0.347" /><testcase classname="backend.tests.backend_test.TestWallet" name="test_wallet" time="0.044" /><testcase classname="backend.tests.backend_test.TestAnnouncements" name="test_list_and_ack" time="0.171" /><testcase classname="backend.tests.backend_test.TestAnnouncements" name="test_ack_missing" time="0.048" /><testcase classname="backend.tests.backend_test.TestIncidents" name="test_create_and_list" time="0.087" /><testcase classname="backend.tests.backend_test.TestPayroll" name="test_payroll" time="0.043" /><testcase classname="backend.tests.backend_test.TestProfile" name="test_profile" time="0.046" /><testcase classname="backend.tests.backend_test.TestOnboarding" name="test_onboarding" time="0.044" /></testsuite></testsuites>